<?xml version="1.0" encoding="UTF-8"?>
<testng-results ignored="0" total="1" passed="0" failed="1" skipped="0">
  <reporter-output>
  </reporter-output>
  <suite started-at="2022-11-16T10:17:58 IST" name="Default suite" finished-at="2022-11-16T10:18:01 IST" duration-ms="2787">
    <groups>
    </groups>
    <test started-at="2022-11-16T10:17:58 IST" name="Default test" finished-at="2022-11-16T10:18:01 IST" duration-ms="2787">
      <class name="homeModlue.Selecting">
        <test-method is-config="true" signature="launchingBrowser()[pri:0, instance:homeModlue.Selecting@1a18644]" started-at="2022-11-16T10:17:57 IST" name="launchingBrowser" finished-at="2022-11-16T10:17:58 IST" duration-ms="1667" status="PASS">
          <reporter-output>
          </reporter-output>
        </test-method> <!-- launchingBrowser -->
        <test-method is-config="true" signature="beforeTest()[pri:0, instance:homeModlue.Selecting@1a18644]" started-at="2022-11-16T10:17:58 IST" name="beforeTest" finished-at="2022-11-16T10:17:58 IST" duration-ms="5" status="PASS">
          <reporter-output>
          </reporter-output>
        </test-method> <!-- beforeTest -->
        <test-method is-config="true" signature="navigatingToApp()[pri:0, instance:homeModlue.Selecting@1a18644]" started-at="2022-11-16T10:17:58 IST" name="navigatingToApp" finished-at="2022-11-16T10:18:01 IST" duration-ms="2369" status="PASS">
          <reporter-output>
          </reporter-output>
        </test-method> <!-- navigatingToApp -->
        <test-method signature="demo12154545()[pri:0, instance:homeModlue.Selecting@1a18644]" started-at="2022-11-16T10:18:01 IST" name="demo12154545" finished-at="2022-11-16T10:18:01 IST" duration-ms="158" status="FAIL">
          <exception class="java.lang.AssertionError">
            <message>
              <![CDATA[expected [true] but found [false]]]>
            </message>
            <full-stacktrace>
              <![CDATA[java.lang.AssertionError: expected [true] but found [false]
at org.testng.Assert.fail(Assert.java:99)
at org.testng.Assert.failNotEquals(Assert.java:1037)
at org.testng.Assert.assertEqualsImpl(Assert.java:140)
at org.testng.Assert.assertEquals(Assert.java:122)
at org.testng.Assert.assertEquals(Assert.java:819)
at org.testng.Assert.assertEquals(Assert.java:829)
at homeModlue.Selecting.demo12154545(Selecting.java:21)
at java.base/jdk.internal.reflect.NativeMethodAccessorImpl.invoke0(Native Method)
at java.base/jdk.internal.reflect.NativeMethodAccessorImpl.invoke(NativeMethodAccessorImpl.java:77)
at java.base/jdk.internal.reflect.DelegatingMethodAccessorImpl.invoke(DelegatingMethodAccessorImpl.java:43)
at java.base/java.lang.reflect.Method.invoke(Method.java:568)
at org.testng.internal.MethodInvocationHelper.invokeMethod(MethodInvocationHelper.java:133)
at org.testng.internal.TestInvoker.invokeMethod(TestInvoker.java:598)
at org.testng.internal.TestInvoker.invokeTestMethod(TestInvoker.java:173)
at org.testng.internal.MethodRunner.runInSequence(MethodRunner.java:46)
at org.testng.internal.TestInvoker$MethodInvocationAgent.invoke(TestInvoker.java:824)
at org.testng.internal.TestInvoker.invokeTestMethods(TestInvoker.java:146)
at org.testng.internal.TestMethodWorker.invokeTestMethods(TestMethodWorker.java:146)
at org.testng.internal.TestMethodWorker.run(TestMethodWorker.java:128)
at java.base/java.util.ArrayList.forEach(ArrayList.java:1511)
at org.testng.TestRunner.privateRun(TestRunner.java:794)
at org.testng.TestRunner.run(TestRunner.java:596)
at org.testng.SuiteRunner.runTest(SuiteRunner.java:377)
at org.testng.SuiteRunner.runSequentially(SuiteRunner.java:371)
at org.testng.SuiteRunner.privateRun(SuiteRunner.java:332)
at org.testng.SuiteRunner.run(SuiteRunner.java:276)
at org.testng.SuiteRunnerWorker.runSuite(SuiteRunnerWorker.java:53)
at org.testng.SuiteRunnerWorker.run(SuiteRunnerWorker.java:96)
at org.testng.TestNG.runSuitesSequentially(TestNG.java:1212)
at org.testng.TestNG.runSuitesLocally(TestNG.java:1134)
at org.testng.TestNG.runSuites(TestNG.java:1063)
at org.testng.TestNG.run(TestNG.java:1031)
at org.testng.remote.AbstractRemoteTestNG.run(AbstractRemoteTestNG.java:115)
at org.testng.remote.RemoteTestNG.initAndRun(RemoteTestNG.java:251)
at org.testng.remote.RemoteTestNG.main(RemoteTestNG.java:77)
]]>
            </full-stacktrace>
          </exception> <!-- java.lang.AssertionError -->
          <reporter-output>
          </reporter-output>
        </test-method> <!-- demo12154545 -->
        <test-method is-config="true" signature="CheckingFailure(org.testng.ITestResult)[pri:0, instance:homeModlue.Selecting@1a18644]" started-at="2022-11-16T10:18:01 IST" name="CheckingFailure" finished-at="2022-11-16T10:18:01 IST" duration-ms="223" status="PASS">
          <params>
            <param index="0">
              <value>
                <![CDATA[[TestResult name=demo12154545 status=FAILURE method=Selecting.demo12154545()[pri:0, instance:homeModlue.Selecting@1a18644] output={null}]]]>
              </value>
            </param>
          </params>
          <reporter-output>
          </reporter-output>
        </test-method> <!-- CheckingFailure -->
        <test-method is-config="true" signature="loggingOut()[pri:0, instance:homeModlue.Selecting@1a18644]" started-at="2022-11-16T10:18:01 IST" name="loggingOut" finished-at="2022-11-16T10:18:01 IST" duration-ms="0" status="PASS">
          <reporter-output>
          </reporter-output>
        </test-method> <!-- loggingOut -->
        <test-method is-config="true" signature="tearDownTheBrowser()[pri:0, instance:homeModlue.Selecting@1a18644]" started-at="2022-11-16T10:18:01 IST" name="tearDownTheBrowser" finished-at="2022-11-16T10:18:02 IST" duration-ms="546" status="PASS">
          <reporter-output>
          </reporter-output>
        </test-method> <!-- tearDownTheBrowser -->
      </class> <!-- homeModlue.Selecting -->
    </test> <!-- Default test -->
  </suite> <!-- Default suite -->
</testng-results>
